{"C:\\Users\\sct11\\Escritorio\\rest-api-node-server\\src\\router.ts": {"path":"C:\\Users\\sct11\\Escritorio\\rest-api-node-server\\src\\router.ts","statementMap":{"0":{"start":{"line":1,"column":0},"end":{"line":1,"column":30}},"1":{"start":{"line":3,"column":0},"end":{"line":3,"column":65}},"2":{"start":{"line":4,"column":0},"end":{"line":4,"column":128}},"3":{"start":{"line":5,"column":0},"end":{"line":5,"column":49}},"4":{"start":{"line":7,"column":14},"end":{"line":7,"column":22}},"5":{"start":{"line":9,"column":0},"end":{"line":9,"column":29}},"6":{"start":{"line":11,"column":0},"end":{"line":15,"column":2}},"7":{"start":{"line":17,"column":0},"end":{"line":27,"column":2}},"8":{"start":{"line":24,"column":32},"end":{"line":24,"column":41}},"9":{"start":{"line":29,"column":0},"end":{"line":42,"column":2}},"10":{"start":{"line":37,"column":32},"end":{"line":37,"column":41}},"11":{"start":{"line":44,"column":0},"end":{"line":49,"column":2}},"12":{"start":{"line":51,"column":0},"end":{"line":56,"column":3}},"13":{"start":{"line":58,"column":0},"end":{"line":58,"column":22}}},"fnMap":{"0":{"name":"(anonymous_0)","decl":{"start":{"line":24,"column":20},"end":{"line":24,"column":22}},"loc":{"start":{"line":24,"column":32},"end":{"line":24,"column":41}}},"1":{"name":"(anonymous_1)","decl":{"start":{"line":37,"column":20},"end":{"line":37,"column":22}},"loc":{"start":{"line":37,"column":32},"end":{"line":37,"column":41}}}},"branchMap":{},"s":{"0":2,"1":2,"2":2,"3":2,"4":2,"5":2,"6":2,"7":2,"8":4,"9":2,"10":5,"11":2,"12":2,"13":2},"f":{"0":4,"1":5},"b":{}}
,"C:\\Users\\sct11\\Escritorio\\rest-api-node-server\\src\\server.ts": {"path":"C:\\Users\\sct11\\Escritorio\\rest-api-node-server\\src\\server.ts","statementMap":{"0":{"start":{"line":1,"column":0},"end":{"line":1,"column":30}},"1":{"start":{"line":2,"column":0},"end":{"line":2,"column":27}},"2":{"start":{"line":3,"column":0},"end":{"line":3,"column":30}},"3":{"start":{"line":4,"column":0},"end":{"line":4,"column":29}},"4":{"start":{"line":8,"column":4},"end":{"line":17,"column":5}},"5":{"start":{"line":9,"column":8},"end":{"line":9,"column":null}},"6":{"start":{"line":10,"column":8},"end":{"line":10,"column":null}},"7":{"start":{"line":16,"column":8},"end":{"line":16,"column":null}},"8":{"start":{"line":7,"column":0},"end":{"line":7,"column":7}},"9":{"start":{"line":20,"column":0},"end":{"line":20,"column":12}},"10":{"start":{"line":22,"column":15},"end":{"line":22,"column":24}},"11":{"start":{"line":25,"column":0},"end":{"line":25,"column":27}},"12":{"start":{"line":27,"column":0},"end":{"line":27,"column":null}},"13":{"start":{"line":29,"column":0},"end":{"line":31,"column":null}},"14":{"start":{"line":30,"column":4},"end":{"line":30,"column":null}},"15":{"start":{"line":33,"column":0},"end":{"line":33,"column":22}}},"fnMap":{"0":{"name":"connectDB","decl":{"start":{"line":7,"column":22},"end":{"line":7,"column":31}},"loc":{"start":{"line":7,"column":31},"end":{"line":18,"column":1}}},"1":{"name":"(anonymous_2)","decl":{"start":{"line":29,"column":18},"end":{"line":29,"column":19}},"loc":{"start":{"line":29,"column":30},"end":{"line":31,"column":1}}}},"branchMap":{},"s":{"0":2,"1":2,"2":2,"3":2,"4":3,"5":3,"6":2,"7":1,"8":2,"9":2,"10":2,"11":2,"12":2,"13":2,"14":1,"15":2},"f":{"0":3,"1":1},"b":{}}
,"C:\\Users\\sct11\\Escritorio\\rest-api-node-server\\src\\Models\\Product.model.ts": {"path":"C:\\Users\\sct11\\Escritorio\\rest-api-node-server\\src\\Models\\Product.model.ts","statementMap":{"0":{"start":{"line":1,"column":0},"end":{"line":1,"column":74}},"1":{"start":{"line":8,"column":0},"end":{"line":29,"column":null}},"2":{"start":{"line":15,"column":12},"end":{"line":15,"column":null}},"3":{"start":{"line":21,"column":12},"end":{"line":21,"column":null}},"4":{"start":{"line":27,"column":12},"end":{"line":27,"column":null}},"5":{"start":{"line":8,"column":6},"end":{"line":29,"column":null}},"6":{"start":{"line":31,"column":0},"end":{"line":31,"column":23}}},"fnMap":{},"branchMap":{},"s":{"0":3,"1":3,"2":3,"3":3,"4":3,"5":3,"6":3},"f":{},"b":{}}
,"C:\\Users\\sct11\\Escritorio\\rest-api-node-server\\src\\config\\db.ts": {"path":"C:\\Users\\sct11\\Escritorio\\rest-api-node-server\\src\\config\\db.ts","statementMap":{"0":{"start":{"line":1,"column":0},"end":{"line":1,"column":48}},"1":{"start":{"line":2,"column":0},"end":{"line":2,"column":28}},"2":{"start":{"line":3,"column":0},"end":{"line":3,"column":null}},"3":{"start":{"line":6,"column":11},"end":{"line":9,"column":2}},"4":{"start":{"line":11,"column":0},"end":{"line":11,"column":18}}},"fnMap":{},"branchMap":{},"s":{"0":2,"1":2,"2":2,"3":2,"4":2},"f":{},"b":{}}
,"C:\\Users\\sct11\\Escritorio\\rest-api-node-server\\src\\handlers\\Product.ts": {"path":"C:\\Users\\sct11\\Escritorio\\rest-api-node-server\\src\\handlers\\Product.ts","statementMap":{"0":{"start":{"line":6,"column":0},"end":{"line":6,"column":46}},"1":{"start":{"line":8,"column":27},"end":{"line":21,"column":1}},"2":{"start":{"line":10,"column":25},"end":{"line":16,"column":10}},"3":{"start":{"line":18,"column":8},"end":{"line":18,"column":35}},"4":{"start":{"line":8,"column":13},"end":{"line":8,"column":27}},"5":{"start":{"line":23,"column":30},"end":{"line":35,"column":1}},"6":{"start":{"line":25,"column":23},"end":{"line":25,"column":33}},"7":{"start":{"line":26,"column":24},"end":{"line":26,"column":50}},"8":{"start":{"line":28,"column":8},"end":{"line":32,"column":9}},"9":{"start":{"line":29,"column":12},"end":{"line":31,"column":null}},"10":{"start":{"line":34,"column":8},"end":{"line":34,"column":null}},"11":{"start":{"line":23,"column":13},"end":{"line":23,"column":30}},"12":{"start":{"line":37,"column":29},"end":{"line":44,"column":1}},"13":{"start":{"line":39,"column":24},"end":{"line":39,"column":54}},"14":{"start":{"line":42,"column":8},"end":{"line":42,"column":46}},"15":{"start":{"line":37,"column":13},"end":{"line":37,"column":29}},"16":{"start":{"line":46,"column":29},"end":{"line":63,"column":1}},"17":{"start":{"line":48,"column":23},"end":{"line":48,"column":33}},"18":{"start":{"line":49,"column":24},"end":{"line":49,"column":50}},"19":{"start":{"line":51,"column":8},"end":{"line":55,"column":9}},"20":{"start":{"line":52,"column":12},"end":{"line":54,"column":null}},"21":{"start":{"line":58,"column":8},"end":{"line":58,"column":39}},"22":{"start":{"line":59,"column":8},"end":{"line":59,"column":null}},"23":{"start":{"line":61,"column":8},"end":{"line":61,"column":null}},"24":{"start":{"line":46,"column":13},"end":{"line":46,"column":29}},"25":{"start":{"line":66,"column":35},"end":{"line":83,"column":1}},"26":{"start":{"line":68,"column":23},"end":{"line":68,"column":33}},"27":{"start":{"line":69,"column":24},"end":{"line":69,"column":50}},"28":{"start":{"line":71,"column":8},"end":{"line":75,"column":9}},"29":{"start":{"line":72,"column":12},"end":{"line":74,"column":null}},"30":{"start":{"line":79,"column":8},"end":{"line":79,"column":64}},"31":{"start":{"line":80,"column":8},"end":{"line":80,"column":29}},"32":{"start":{"line":82,"column":8},"end":{"line":82,"column":null}},"33":{"start":{"line":66,"column":13},"end":{"line":66,"column":35}},"34":{"start":{"line":85,"column":29},"end":{"line":101,"column":1}},"35":{"start":{"line":87,"column":23},"end":{"line":87,"column":33}},"36":{"start":{"line":88,"column":24},"end":{"line":88,"column":50}},"37":{"start":{"line":90,"column":8},"end":{"line":94,"column":9}},"38":{"start":{"line":91,"column":12},"end":{"line":93,"column":null}},"39":{"start":{"line":99,"column":8},"end":{"line":99,"column":null}},"40":{"start":{"line":100,"column":8},"end":{"line":100,"column":null}},"41":{"start":{"line":85,"column":13},"end":{"line":85,"column":29}}},"fnMap":{"0":{"name":"(anonymous_1)","decl":{"start":{"line":8,"column":27},"end":{"line":8,"column":32}},"loc":{"start":{"line":8,"column":67},"end":{"line":21,"column":1}}},"1":{"name":"(anonymous_2)","decl":{"start":{"line":23,"column":30},"end":{"line":23,"column":35}},"loc":{"start":{"line":23,"column":70},"end":{"line":35,"column":1}}},"2":{"name":"(anonymous_3)","decl":{"start":{"line":37,"column":29},"end":{"line":37,"column":34}},"loc":{"start":{"line":37,"column":69},"end":{"line":44,"column":1}}},"3":{"name":"(anonymous_4)","decl":{"start":{"line":46,"column":29},"end":{"line":46,"column":34}},"loc":{"start":{"line":46,"column":69},"end":{"line":63,"column":1}}},"4":{"name":"(anonymous_5)","decl":{"start":{"line":66,"column":35},"end":{"line":66,"column":40}},"loc":{"start":{"line":66,"column":75},"end":{"line":83,"column":1}}},"5":{"name":"(anonymous_6)","decl":{"start":{"line":85,"column":29},"end":{"line":85,"column":34}},"loc":{"start":{"line":85,"column":69},"end":{"line":101,"column":1}}}},"branchMap":{"0":{"loc":{"start":{"line":28,"column":8},"end":{"line":32,"column":9}},"type":"if","locations":[{"start":{"line":28,"column":8},"end":{"line":32,"column":9}}]},"1":{"loc":{"start":{"line":51,"column":8},"end":{"line":55,"column":9}},"type":"if","locations":[{"start":{"line":51,"column":8},"end":{"line":55,"column":9}}]},"2":{"loc":{"start":{"line":71,"column":8},"end":{"line":75,"column":9}},"type":"if","locations":[{"start":{"line":71,"column":8},"end":{"line":75,"column":9}}]},"3":{"loc":{"start":{"line":90,"column":8},"end":{"line":94,"column":9}},"type":"if","locations":[{"start":{"line":90,"column":8},"end":{"line":94,"column":9}}]}},"s":{"0":2,"1":2,"2":2,"3":2,"4":2,"5":2,"6":2,"7":2,"8":2,"9":1,"10":1,"11":2,"12":2,"13":1,"14":1,"15":2,"16":2,"17":2,"18":2,"19":2,"20":1,"21":1,"22":1,"23":1,"24":2,"25":2,"26":2,"27":2,"28":2,"29":1,"30":1,"31":1,"32":1,"33":2,"34":2,"35":2,"36":2,"37":2,"38":1,"39":1,"40":1,"41":2},"f":{"0":2,"1":2,"2":1,"3":2,"4":2,"5":2},"b":{"0":[1],"1":[1],"2":[1],"3":[1]}}
,"C:\\Users\\sct11\\Escritorio\\rest-api-node-server\\src\\middleware\\index.ts": {"path":"C:\\Users\\sct11\\Escritorio\\rest-api-node-server\\src\\middleware\\index.ts","statementMap":{"0":{"start":{"line":2,"column":0},"end":{"line":2,"column":53}},"1":{"start":{"line":4,"column":33},"end":{"line":12,"column":1}},"2":{"start":{"line":6,"column":17},"end":{"line":6,"column":38}},"3":{"start":{"line":7,"column":4},"end":{"line":9,"column":5}},"4":{"start":{"line":8,"column":8},"end":{"line":8,"column":null}},"5":{"start":{"line":11,"column":4},"end":{"line":11,"column":null}},"6":{"start":{"line":4,"column":13},"end":{"line":4,"column":33}}},"fnMap":{"0":{"name":"(anonymous_0)","decl":{"start":{"line":4,"column":33},"end":{"line":4,"column":34}},"loc":{"start":{"line":4,"column":90},"end":{"line":12,"column":1}}}},"branchMap":{"0":{"loc":{"start":{"line":7,"column":4},"end":{"line":9,"column":5}},"type":"if","locations":[{"start":{"line":7,"column":4},"end":{"line":9,"column":5}}]}},"s":{"0":2,"1":2,"2":17,"3":17,"4":8,"5":9,"6":2},"f":{"0":17},"b":{"0":[8]}}
}
