TN:
SF:src\router.ts
FN:24,(anonymous_0)
FN:37,(anonymous_1)
FNF:2
FNH:2
FNDA:4,(anonymous_0)
FNDA:5,(anonymous_1)
DA:1,2
DA:3,2
DA:4,2
DA:5,2
DA:7,2
DA:9,2
DA:11,2
DA:17,2
DA:24,4
DA:29,2
DA:37,5
DA:44,2
DA:51,2
DA:58,2
LF:14
LH:14
BRF:0
BRH:0
end_of_record
TN:
SF:src\server.ts
FN:7,connectDB
FN:29,(anonymous_2)
FNF:2
FNH:2
FNDA:3,connectDB
FNDA:1,(anonymous_2)
DA:1,2
DA:2,2
DA:3,2
DA:4,2
DA:7,2
DA:8,3
DA:9,3
DA:10,2
DA:16,1
DA:20,2
DA:22,2
DA:25,2
DA:27,2
DA:29,2
DA:30,1
DA:33,2
LF:16
LH:16
BRF:0
BRH:0
end_of_record
TN:
SF:src\Models\Product.model.ts
FNF:0
FNH:0
DA:1,3
DA:8,3
DA:15,3
DA:21,3
DA:27,3
DA:31,3
LF:6
LH:6
BRF:0
BRH:0
end_of_record
TN:
SF:src\config\db.ts
FNF:0
FNH:0
DA:1,2
DA:2,2
DA:3,2
DA:6,2
DA:11,2
LF:5
LH:5
BRF:0
BRH:0
end_of_record
TN:
SF:src\handlers\Product.ts
FN:8,(anonymous_1)
FN:23,(anonymous_2)
FN:37,(anonymous_3)
FN:46,(anonymous_4)
FN:66,(anonymous_5)
FN:85,(anonymous_6)
FNF:6
FNH:6
FNDA:2,(anonymous_1)
FNDA:2,(anonymous_2)
FNDA:1,(anonymous_3)
FNDA:2,(anonymous_4)
FNDA:2,(anonymous_5)
FNDA:2,(anonymous_6)
DA:6,2
DA:8,2
DA:10,2
DA:18,2
DA:23,2
DA:25,2
DA:26,2
DA:28,2
DA:29,1
DA:34,1
DA:37,2
DA:39,1
DA:42,1
DA:46,2
DA:48,2
DA:49,2
DA:51,2
DA:52,1
DA:58,1
DA:59,1
DA:61,1
DA:66,2
DA:68,2
DA:69,2
DA:71,2
DA:72,1
DA:79,1
DA:80,1
DA:82,1
DA:85,2
DA:87,2
DA:88,2
DA:90,2
DA:91,1
DA:99,1
DA:100,1
LF:36
LH:36
BRDA:28,0,0,1
BRDA:51,1,0,1
BRDA:71,2,0,1
BRDA:90,3,0,1
BRF:4
BRH:4
end_of_record
TN:
SF:src\middleware\index.ts
FN:4,(anonymous_0)
FNF:1
FNH:1
FNDA:17,(anonymous_0)
DA:2,2
DA:4,2
DA:6,17
DA:7,17
DA:8,8
DA:11,9
LF:6
LH:6
BRDA:7,0,0,8
BRF:1
BRH:1
end_of_record
